<?xml version="1.0" encoding="UTF-8"?>
<!-- Generated by org.testng.reporters.JUnitReportReporter -->
<testsuite hostname="LAPTOP-F8RQ9UA5" failures="0" tests="1" name="tests.TesExample3" time="1.824" errors="0" timestamp="2021-09-26T19:38:13 BST" skipped="0">
  <testcase classname="tests.TesExample3" name="POST" time="1.824"/>
  <system-out/>
</testsuite> <!-- tests.TesExample3 -->
