<?xml version="1.0" encoding="UTF-8"?>
<!-- Generated by org.testng.reporters.JUnitReportReporter -->
<testsuite hostname="LAPTOP-F8RQ9UA5" failures="0" tests="1" name="tests.TestExample2" time="2.323" errors="0" timestamp="2021-09-26T17:32:56 BST" skipped="0">
  <testcase classname="tests.TestExample2" name="get_01" time="2.323"/>
  <system-out/>
</testsuite> <!-- tests.TestExample2 -->
