<?xml version="1.0" encoding="UTF-8"?>
<!-- Generated by org.testng.reporters.JUnitReportReporter -->
<testsuite hostname="LAPTOP-F8RQ9UA5" failures="0" tests="1" name="tests.TestExample5" time="1.996" errors="0" timestamp="2021-09-26T20:14:06 BST" skipped="0">
  <testcase classname="tests.TestExample5" name="deleteRequest" time="1.996"/>
  <system-out/>
</testsuite> <!-- tests.TestExample5 -->
