<?xml version="1.0" encoding="UTF-8"?>
<!-- Generated by org.testng.reporters.JUnitReportReporter -->
<testsuite hostname="LAPTOP-F8RQ9UA5" failures="0" tests="1" name="tests.TestExample1" time="1.409" errors="0" timestamp="2021-09-26T15:21:47 BST" skipped="0">
  <testcase classname="tests.TestExample1" name="test_01" time="1.409"/>
  <system-out/>
</testsuite> <!-- tests.TestExample1 -->
