<?xml version="1.0" encoding="UTF-8"?>
<!-- Generated by org.testng.reporters.JUnitReportReporter -->
<testsuite hostname="LAPTOP-F8RQ9UA5" failures="0" tests="1" name="tests.TestOnLocalAPI" time="0.931" errors="0" timestamp="2021-09-26T22:54:05 BST" skipped="0">
  <testcase classname="tests.TestOnLocalAPI" name="deleteRequest" time="0.931"/>
  <system-out/>
</testsuite> <!-- tests.TestOnLocalAPI -->
