<?xml version="1.0" encoding="UTF-8"?>
<!-- Generated by org.testng.reporters.JUnitReportReporter -->
<testsuite hostname="LAPTOP-F8RQ9UA5" failures="0" tests="1" name="tests.TestExample4" time="1.667" errors="0" timestamp="2021-09-26T20:12:39 BST" skipped="0">
  <testcase classname="tests.TestExample4" name="patchRequest" time="1.667"/>
  <system-out/>
</testsuite> <!-- tests.TestExample4 -->
